TN:
SF:/Users/iyegoroff/Documents/dev/js/kendo-multi-date-select/src/kendo-multi-date-select.js
FN:1,(anonymous_1)
FN:14,removeTime
FN:25,isDateGreater
FN:29,isDateLesser
FN:42,(anonymous_5)
FN:82,(anonymous_6)
FN:86,(anonymous_7)
FN:90,(anonymous_8)
FN:99,(anonymous_9)
FN:109,(anonymous_10)
FN:117,(anonymous_11)
FN:125,(anonymous_12)
FN:135,(anonymous_13)
FN:145,(anonymous_14)
FN:152,(anonymous_15)
FN:170,(anonymous_16)
FN:174,(anonymous_17)
FN:178,(anonymous_18)
FN:183,(anonymous_19)
FN:189,(anonymous_20)
FN:216,(anonymous_21)
FN:220,(anonymous_22)
FN:224,(anonymous_23)
FN:243,(anonymous_24)
FN:247,(anonymous_25)
FN:251,(anonymous_26)
FN:257,(anonymous_27)
FN:280,(anonymous_28)
FN:281,(anonymous_29)
FN:285,(anonymous_30)
FN:317,(anonymous_31)
FN:321,(anonymous_32)
FN:330,(anonymous_33)
FNF:33
FNH:29
FNDA:2,(anonymous_1)
FNDA:132,removeTime
FNDA:32,isDateGreater
FNDA:34,isDateLesser
FNDA:2,(anonymous_5)
FNDA:6,(anonymous_6)
FNDA:10,(anonymous_7)
FNDA:4,(anonymous_8)
FNDA:0,(anonymous_9)
FNDA:14,(anonymous_10)
FNDA:14,(anonymous_11)
FNDA:74,(anonymous_12)
FNDA:73,(anonymous_13)
FNDA:110,(anonymous_14)
FNDA:34,(anonymous_15)
FNDA:0,(anonymous_16)
FNDA:0,(anonymous_17)
FNDA:2,(anonymous_18)
FNDA:18,(anonymous_19)
FNDA:46,(anonymous_20)
FNDA:2,(anonymous_21)
FNDA:8,(anonymous_22)
FNDA:6,(anonymous_23)
FNDA:2,(anonymous_24)
FNDA:104,(anonymous_25)
FNDA:8,(anonymous_26)
FNDA:12,(anonymous_27)
FNDA:0,(anonymous_28)
FNDA:4,(anonymous_29)
FNDA:142,(anonymous_30)
FNDA:26,(anonymous_31)
FNDA:76,(anonymous_32)
FNDA:26,(anonymous_33)
DA:1,2
DA:4,2
DA:5,2
DA:6,2
DA:7,2
DA:9,2
DA:10,2
DA:11,2
DA:12,2
DA:14,2
DA:15,132
DA:17,132
DA:18,132
DA:19,132
DA:20,132
DA:22,132
DA:25,2
DA:26,32
DA:29,2
DA:30,34
DA:37,2
DA:43,2
DA:45,2
DA:47,2
DA:48,2
DA:49,2
DA:51,2
DA:83,6
DA:87,10
DA:91,4
DA:92,2
DA:95,2
DA:100,0
DA:104,0
DA:105,0
DA:106,0
DA:110,14
DA:111,2
DA:114,14
DA:118,14
DA:119,2
DA:122,14
DA:126,74
DA:127,12
DA:129,12
DA:132,74
DA:136,73
DA:137,12
DA:139,12
DA:142,73
DA:146,110
DA:148,110
DA:149,50
DA:150,50
DA:152,50
DA:153,34
DA:159,50
DA:160,50
DA:162,50
DA:163,12
DA:167,110
DA:171,0
DA:175,0
DA:179,2
DA:181,2
DA:183,2
DA:184,18
DA:186,18
DA:189,2
DA:190,46
DA:193,2
DA:211,2
DA:217,2
DA:218,2
DA:220,2
DA:221,8
DA:224,2
DA:225,6
DA:228,2
DA:244,2
DA:245,2
DA:247,2
DA:248,104
DA:251,2
DA:252,8
DA:254,8
DA:257,2
DA:258,12
DA:260,12
DA:262,12
DA:265,2
DA:280,2
DA:281,2
DA:283,2
DA:286,142
DA:287,142
DA:289,142
DA:290,14
DA:295,14
DA:297,14
DA:304,8
DA:306,8
DA:307,8
DA:309,8
DA:311,8
DA:318,26
DA:322,76
DA:323,76
DA:325,76
DA:326,46
DA:331,26
DA:333,26
DA:334,0
DA:339,2
LF:114
LH:107
BRDA:91,1,0,2
BRDA:91,1,1,2
BRDA:110,2,0,2
BRDA:110,2,1,12
BRDA:118,3,0,2
BRDA:118,3,1,12
BRDA:126,4,0,12
BRDA:126,4,1,62
BRDA:136,5,0,12
BRDA:136,5,1,61
BRDA:148,6,0,50
BRDA:148,6,1,60
BRDA:152,7,0,50
BRDA:152,7,1,0
BRDA:154,8,0,34
BRDA:154,8,1,34
BRDA:154,8,2,32
BRDA:154,8,3,32
BRDA:162,9,0,12
BRDA:162,9,1,38
BRDA:247,10,0,2
BRDA:247,10,1,2
BRDA:289,11,0,14
BRDA:289,11,1,128
BRDA:297,12,0,8
BRDA:297,12,1,6
BRDA:297,13,0,14
BRDA:297,13,1,12
BRDA:297,13,2,11
BRDA:325,14,0,46
BRDA:325,14,1,30
BRDA:333,15,0,0
BRDA:333,15,1,26
BRF:33
BRH:31
end_of_record
